<?xml version="1.0" encoding="UTF-8"?>
<!-- Generated by org.testng.reporters.JUnitXMLReporter -->
<testsuite ignored="0" hostname="DESKTOP-AUNS0E2" failures="0" tests="2" name="HighPriorityTest" time="6.878" errors="0" timestamp="2022-10-07T13:19:10 IST">
  <testcase classname="reduceddatabyusingannotation.TC02_VerifyLogoutFunctionality" name="verifyLogoutFunctionality" time="0.165"/>
  <testcase classname="reduceddatabyusingannotation.TC01_VerifyLoginFunctionality" name="verifyLoginFunctionality" time="0.071"/>
</testsuite> <!-- HighPriorityTest -->
