<?xml version="1.0" encoding="UTF-8"?>
<!-- Generated by org.testng.reporters.JUnitXMLReporter -->
<testsuite ignored="0" hostname="DESKTOP-AUNS0E2" failures="0" tests="3" name="Test" time="17.244" errors="0" timestamp="2022-10-07T13:00:35 IST">
  <testcase classname="reduceddatabyusingannotation.TC01_VerifyLoginFunctionality" name="verifyLoginFunctionality" time="0.025"/>
  <testcase classname="reduceddatabyusingannotation.TC02_VerifyLogoutFunctionality" name="verifyLogoutFunctionality" time="0.02"/>
  <testcase classname="reduceddatabyusingannotation.TC03_VerifyAddToCartFunctionality" name="verifyAddToCartFunctionality" time="0.389"/>
</testsuite> <!-- Test -->
