<?xml version="1.0" encoding="UTF-8"?>
<!-- Generated by org.testng.reporters.JUnitXMLReporter -->
<testsuite ignored="0" hostname="DESKTOP-AUNS0E2" failures="0" tests="3" name="ChromeTest" time="19.34" errors="0" timestamp="2022-10-08T19:36:20 IST">
  <testcase classname="reduceddatabyusingannotation.TC01_VerifyLoginFunctionality" name="verifyLoginFunctionality" time="0.042"/>
  <testcase classname="reduceddatabyusingannotation.TC02_VerifyLogoutFunctionality" name="verifyLogoutFunctionality" time="0.013"/>
  <testcase classname="reduceddatabyusingannotation.TC03_VerifyAddToCartFunctionality" name="verifyAddToCartFunctionality" time="0.354"/>
</testsuite> <!-- ChromeTest -->
