<?xml version="1.0" encoding="UTF-8"?>
<!-- Generated by org.testng.reporters.JUnitXMLReporter -->
<testsuite ignored="0" hostname="DESKTOP-AUNS0E2" failures="0" tests="3" name="FirefoxTest" time="29.036" errors="0" timestamp="2022-10-09T07:49:33 IST">
  <testcase classname="reduceddatabyusingannotation.TC01_VerifyLoginFunctionality" name="verifyLoginFunctionality" time="0.03"/>
  <testcase classname="reduceddatabyusingannotation.TC02_VerifyLogoutFunctionality" name="verifyLogoutFunctionality" time="0.016"/>
  <testcase classname="reduceddatabyusingannotation.TC03_VerifyAddToCartFunctionality" name="verifyAddToCartFunctionality" time="1.717"/>
</testsuite> <!-- FirefoxTest -->
